     10 FAILED tests/test_array.py::TestRemoveDuplicate::test_remove_duplicates - Typ...
     10 FAILED tests/test_array.py::TestSummaryRanges::test_summarize_ranges - Assert...
