      4 FAILED tests/test_compression.py::TestHuffmanCoding::test_huffman_coding - As...
      4 FAILED tests/test_heap.py::TestBinaryHeap::test_insert - AssertionError: List...
      4 FAILED tests/test_heap.py::TestBinaryHeap::test_remove_min - AssertionError: ...
      4 FAILED tests/test_linkedlist.py::TestSuite::test_is_palindrome - AssertionErr...
